<?xml version="1.0" encoding="UTF-8" ?>
<testsuite failures="0" time="1.147" errors="0" skipped="0" tests="45" name="com.github.cwilper.fcrepo.store.akubra.AkubraFedoraStoreTest">
  <properties>
[...]
</properties>
  <testcase time="0.313" classname="com.github.cwilper.fcrepo.store.akubra.AkubraFedoraStoreTest" name="initWithNullObjectStore"/>
  <testcase time="0.007" classname="com.github.cwilper.fcrepo.store.akubra.AkubraFedoraStoreTest" name="initWithNullContentStore"/>
  <testcase time="0.007" classname="com.github.cwilper.fcrepo.store.akubra.AkubraFedoraStoreTest" name="initWithNullReaderFactory"/>
  <testcase time="0.007" classname="com.github.cwilper.fcrepo.store.akubra.AkubraFedoraStoreTest" name="initWithNullWriterFactory"/>
  <testcase time="0.007" classname="com.github.cwilper.fcrepo.store.akubra.AkubraFedoraStoreTest" name="addObjectNull"/>
  <testcase time="0.008" classname="com.github.cwilper.fcrepo.store.akubra.AkubraFedoraStoreTest" name="addObjectNoPid"/>
  <testcase time="0.033" classname="com.github.cwilper.fcrepo.store.akubra.AkubraFedoraStoreTest" name="addObjectExisting"/>
  <testcase time="0.393" classname="com.github.cwilper.fcrepo.store.akubra.AkubraFedoraStoreTest" name="addObjectNew"/>
  <testcase time="0.008" classname="com.github.cwilper.fcrepo.store.akubra.AkubraFedoraStoreTest" name="getObjectNullPid"/>
  <testcase time="0.007" classname="com.github.cwilper.fcrepo.store.akubra.AkubraFedoraStoreTest" name="getObjectNonExisting"/>
  <testcase time="0.028" classname="com.github.cwilper.fcrepo.store.akubra.AkubraFedoraStoreTest" name="getObjectExistingTwice"/>
  <testcase time="0.008" classname="com.github.cwilper.fcrepo.store.akubra.AkubraFedoraStoreTest" name="updateObjectNull"/>
  <testcase time="0.008" classname="com.github.cwilper.fcrepo.store.akubra.AkubraFedoraStoreTest" name="updateObjectNoPid"/>
  <testcase time="0.008" classname="com.github.cwilper.fcrepo.store.akubra.AkubraFedoraStoreTest" name="updateObjectNonExisting"/>
  <testcase time="0.013" classname="com.github.cwilper.fcrepo.store.akubra.AkubraFedoraStoreTest" name="updateObjectLabel"/>
  <testcase time="0.02" classname="com.github.cwilper.fcrepo.store.akubra.AkubraFedoraStoreTest" name="updateObjectDropExistingContent"/>
  <testcase time="0.015" classname="com.github.cwilper.fcrepo.store.akubra.AkubraFedoraStoreTest" name="updateObjectDropNonExistingContent"/>
  <testcase time="0.009" classname="com.github.cwilper.fcrepo.store.akubra.AkubraFedoraStoreTest" name="deleteObjectNullPid"/>
  <testcase time="0.009" classname="com.github.cwilper.fcrepo.store.akubra.AkubraFedoraStoreTest" name="deleteObjectNonExisting"/>
  <testcase time="0.019" classname="com.github.cwilper.fcrepo.store.akubra.AkubraFedoraStoreTest" name="listObjectsEmpty"/>
  <testcase time="0.011" classname="com.github.cwilper.fcrepo.store.akubra.AkubraFedoraStoreTest" name="listObjectsAfterAdd"/>
  <testcase time="0.011" classname="com.github.cwilper.fcrepo.store.akubra.AkubraFedoraStoreTest" name="listObjectsAfterDelete"/>
  <testcase time="0.008" classname="com.github.cwilper.fcrepo.store.akubra.AkubraFedoraStoreTest" name="deleteObjectWithContent"/>
  <testcase time="0.005" classname="com.github.cwilper.fcrepo.store.akubra.AkubraFedoraStoreTest" name="getContentNullPid"/>
  <testcase time="0.004" classname="com.github.cwilper.fcrepo.store.akubra.AkubraFedoraStoreTest" name="getContentNullDatastreamId"/>
  <testcase time="0.006" classname="com.github.cwilper.fcrepo.store.akubra.AkubraFedoraStoreTest" name="getContentNullDatastreamVersionId"/>
  <testcase time="0.004" classname="com.github.cwilper.fcrepo.store.akubra.AkubraFedoraStoreTest" name="getContentObjectNotFound"/>
  <testcase time="0.008" classname="com.github.cwilper.fcrepo.store.akubra.AkubraFedoraStoreTest" name="getContentDatastreamNotFound"/>
  <testcase time="0.008" classname="com.github.cwilper.fcrepo.store.akubra.AkubraFedoraStoreTest" name="getContentDatastreamExistsContentNotFound"/>
  <testcase time="0.011" classname="com.github.cwilper.fcrepo.store.akubra.AkubraFedoraStoreTest" name="getContentDatastreamExistsContentExistsTwice"/>
  <testcase time="0.004" classname="com.github.cwilper.fcrepo.store.akubra.AkubraFedoraStoreTest" name="getContentLengthNullPid"/>
  <testcase time="0.005" classname="com.github.cwilper.fcrepo.store.akubra.AkubraFedoraStoreTest" name="getContentLengthNullDatastreamId"/>
  <testcase time="0.006" classname="com.github.cwilper.fcrepo.store.akubra.AkubraFedoraStoreTest" name="getContentLengthNullDatastreamVersionId"/>
  <testcase time="0.006" classname="com.github.cwilper.fcrepo.store.akubra.AkubraFedoraStoreTest" name="getContentLengthObjectNotFound"/>
  <testcase time="0.007" classname="com.github.cwilper.fcrepo.store.akubra.AkubraFedoraStoreTest" name="getContentLengthDatastreamNotFound"/>
  <testcase time="0.008" classname="com.github.cwilper.fcrepo.store.akubra.AkubraFedoraStoreTest" name="getContentLengthDatastreamExistsContentNotFound"/>
  <testcase time="0.008" classname="com.github.cwilper.fcrepo.store.akubra.AkubraFedoraStoreTest" name="getContentLengthDatastreamExistsContentFoundTwice"/>
  <testcase time="0.004" classname="com.github.cwilper.fcrepo.store.akubra.AkubraFedoraStoreTest" name="setContentNullPid"/>
  <testcase time="0.004" classname="com.github.cwilper.fcrepo.store.akubra.AkubraFedoraStoreTest" name="setContentNullDatastreamId"/>
  <testcase time="0.004" classname="com.github.cwilper.fcrepo.store.akubra.AkubraFedoraStoreTest" name="setContentNullDatastreamVersionId"/>
  <testcase time="0.004" classname="com.github.cwilper.fcrepo.store.akubra.AkubraFedoraStoreTest" name="setContentNullInputStream"/>
  <testcase time="0.013" classname="com.github.cwilper.fcrepo.store.akubra.AkubraFedoraStoreTest" name="setContentObjectNotFound"/>
  <testcase time="0.006" classname="com.github.cwilper.fcrepo.store.akubra.AkubraFedoraStoreTest" name="setContentDatastreamNotFound"/>
  <testcase time="0.006" classname="com.github.cwilper.fcrepo.store.akubra.AkubraFedoraStoreTest" name="setContentDatastreamNotManaged"/>
  <testcase time="0.009" classname="com.github.cwilper.fcrepo.store.akubra.AkubraFedoraStoreTest" name="setContentDatastreamManagedTwice"/>
</testsuite>